2025-05-05 15:37:09.255+0000 INFO  Logging config in use: File '/Users/andyspamer/Dev-Space/PythonProjects/graphRAG/neo4j/conf/user-logs.xml'
2025-05-05 15:37:09.263+0000 INFO  Starting...
2025-05-05 15:37:09.895+0000 INFO  This instance is ServerId{845d6fbe} (845d6fbe-0b61-4034-8099-2b4f159345c5)
2025-05-05 15:37:10.173+0000 INFO  ======== Neo4j 5.18.1 ========
2025-05-05 15:37:12.189+0000 INFO  Bolt enabled on 0.0.0.0:7687.
2025-05-05 15:37:12.502+0000 INFO  HTTP enabled on 0.0.0.0:7474.
2025-05-05 15:37:12.503+0000 INFO  Remote interface available at http://localhost:7474/
2025-05-05 15:37:12.504+0000 INFO  id: 63B230179BA8033FFBA6800C8171B577CA600DCF83154F12DF8364E5D847DE5D
2025-05-05 15:37:12.504+0000 INFO  name: system
2025-05-05 15:37:12.504+0000 INFO  creationDate: 2025-05-05T15:37:10.858Z
2025-05-05 15:37:12.504+0000 INFO  Started.
2025-05-05 15:38:24.348+0000 WARN  [bolt-7] The client is unauthorized due to authentication failure.
2025-05-05 15:38:24.358+0000 WARN  [bolt-8] The client is unauthorized due to authentication failure.
2025-05-05 15:38:24.368+0000 WARN  [bolt-9] The client is unauthorized due to authentication failure.
2025-05-05 15:39:23.823+0000 WARN  [bolt-14] The client is unauthorized due to authentication failure.
2025-05-05 15:39:23.834+0000 WARN  [bolt-15] The client has provided incorrect authentication details too many times in a row.
2025-05-05 15:40:38.169+0000 WARN  [bolt-24] The client is unauthorized due to authentication failure.
2025-05-05 15:40:38.180+0000 WARN  [bolt-25] The client has provided incorrect authentication details too many times in a row.
2025-05-05 15:48:43.052+0000 INFO  Neo4j Server shutdown initiated by request
2025-05-05 15:48:43.052+0000 INFO  Stopping...
2025-05-05 15:48:48.106+0000 INFO  Stopped.
2025-05-05 15:48:56.330+0000 INFO  Running in daemon mode, all <Console> appenders will be suppressed:
2025-05-05 15:48:56.332+0000 INFO  Removing console appender 'ConsoleAppender' with target 'SYSTEM_OUT'.
2025-05-05 15:48:56.332+0000 INFO  Logging config in use: File '/Users/andyspamer/Dev-Space/PythonProjects/graphRAG/neo4j/conf/user-logs.xml'
2025-05-05 15:48:56.339+0000 INFO  Starting...
2025-05-05 15:48:57.113+0000 INFO  This instance is ServerId{845d6fbe} (845d6fbe-0b61-4034-8099-2b4f159345c5)
2025-05-05 15:48:57.404+0000 INFO  ======== Neo4j 5.18.1 ========
2025-05-05 15:48:58.569+0000 INFO  Bolt enabled on 0.0.0.0:7687.
2025-05-05 15:48:58.911+0000 INFO  HTTP enabled on 0.0.0.0:7474.
2025-05-05 15:48:58.911+0000 INFO  Remote interface available at http://localhost:7474/
2025-05-05 15:48:58.912+0000 INFO  id: 63B230179BA8033FFBA6800C8171B577CA600DCF83154F12DF8364E5D847DE5D
2025-05-05 15:48:58.912+0000 INFO  name: system
2025-05-05 15:48:58.912+0000 INFO  creationDate: 2025-05-05T15:37:10.858Z
2025-05-05 15:48:58.913+0000 INFO  Started.
